# JRE version: Java(TM) SE Runtime Environment (17.0.7+8) (build 17.0.7+8-LTS-224)
# Java VM: Java HotSpot(TM) 64-Bit Server VM (17.0.7+8-LTS-224, mixed mode, emulated-client, sharing, tiered, compressed oops, compressed class ptrs, g1 gc, windows-amd64)
GC Precious Log:
 CPUs: 8 total, 8 available
 Memory: 7785M
 Large Page Support: Disabled
 NUMA Support: Disabled
 Compressed Oops: Enabled (32-bit)
 Heap Region Size: 1M
 Heap Min Capacity: 8M
 Heap Initial Capacity: 122M
 Heap Max Capacity: 1948M
 Pre-touch: Disabled
 Parallel Workers: 8
 Concurrent Workers: 2
 Concurrent Refinement Workers: 8
 Periodic GC: Disabled
Heap:
 garbage-first heap   total 89088K, used 63838K [0x0000000086400000, 0x0000000100000000)
  region size 1024K, 39 young (39936K), 6 survivors (6144K)
 Metaspace       used 66567K, committed 67200K, reserved 1114112K
  class space    used 9563K, committed 9856K, reserved 1048576K
GC Heap History (20 events):
Event: 975.603 GC heap before
{Heap before GC invocations=44 (full 6):
 garbage-first heap   total 95232K, used 71255K [0x0000000086400000, 0x0000000100000000)
  region size 1024K, 41 young (41984K), 4 survivors (4096K)
 Metaspace       used 66479K, committed 67072K, reserved 1114112K
  class space    used 9550K, committed 9792K, reserved 1048576K
}
Event: 975.608 GC heap after
{Heap after GC invocations=45 (full 6):
 garbage-first heap   total 95232K, used 35540K [0x0000000086400000, 0x0000000100000000)
  region size 1024K, 6 young (6144K), 6 survivors (6144K)
 Metaspace       used 66479K, committed 67072K, reserved 1114112K
  class space    used 9550K, committed 9792K, reserved 1048576K
}
Event: 980.758 GC heap before
{Heap before GC invocations=45 (full 6):
 garbage-first heap   total 95232K, used 37588K [0x0000000086400000, 0x0000000100000000)
  region size 1024K, 9 young (9216K), 6 survivors (6144K)
 Metaspace       used 66482K, committed 67072K, reserved 1114112K
  class space    used 9550K, committed 9792K, reserved 1048576K
}
Event: 980.798 GC heap after
{Heap after GC invocations=46 (full 7):
 garbage-first heap   total 89088K, used 25387K [0x0000000086400000, 0x0000000100000000)
  region size 1024K, 0 young (0K), 0 survivors (0K)
 Metaspace       used 65926K, committed 67008K, reserved 1114112K
  class space    used 9501K, committed 9792K, reserved 1048576K
}
Event: 981.412 GC heap before
{Heap before GC invocations=46 (full 7):
 garbage-first heap   total 89088K, used 68395K [0x0000000086400000, 0x0000000100000000)
  region size 1024K, 42 young (43008K), 0 survivors (0K)
 Metaspace       used 66062K, committed 67008K, reserved 1114112K
  class space    used 9519K, committed 9792K, reserved 1048576K
}
Event: 981.415 GC heap after
{Heap after GC invocations=47 (full 7):
 garbage-first heap   total 89088K, used 28916K [0x0000000086400000, 0x0000000100000000)
  region size 1024K, 4 young (4096K), 4 survivors (4096K)
 Metaspace       used 66062K, committed 67008K, reserved 1114112K
  class space    used 9519K, committed 9792K, reserved 1048576K
}
Event: 981.684 GC heap before
{Heap before GC invocations=47 (full 7):
 garbage-first heap   total 89088K, used 68852K [0x0000000086400000, 0x0000000100000000)
  region size 1024K, 43 young (44032K), 4 survivors (4096K)
 Metaspace       used 66452K, committed 67008K, reserved 1114112K
  class space    used 9550K, committed 9792K, reserved 1048576K
}
Event: 981.688 GC heap after
{Heap after GC invocations=48 (full 7):
 garbage-first heap   total 89088K, used 30926K [0x0000000086400000, 0x0000000100000000)
  region size 1024K, 6 young (6144K), 6 survivors (6144K)
 Metaspace       used 66452K, committed 67008K, reserved 1114112K
  class space    used 9550K, committed 9792K, reserved 1048576K
}
Event: 983.456 GC heap before
{Heap before GC invocations=48 (full 7):
 garbage-first heap   total 89088K, used 62670K [0x0000000086400000, 0x0000000100000000)
  region size 1024K, 38 young (38912K), 6 survivors (6144K)
 Metaspace       used 66510K, committed 67072K, reserved 1114112K
  class space    used 9554K, committed 9792K, reserved 1048576K
}
Event: 983.497 GC heap after
{Heap after GC invocations=49 (full 8):
 garbage-first heap   total 89088K, used 25383K [0x0000000086400000, 0x0000000100000000)
  region size 1024K, 0 young (0K), 0 survivors (0K)
 Metaspace       used 65954K, committed 67008K, reserved 1114112K
  class space    used 9506K, committed 9792K, reserved 1048576K
}
Event: 983.981 GC heap before
{Heap before GC invocations=49 (full 8):
 garbage-first heap   total 89088K, used 68391K [0x0000000086400000, 0x0000000100000000)
  region size 1024K, 42 young (43008K), 0 survivors (0K)
 Metaspace       used 66087K, committed 67008K, reserved 1114112K
  class space    used 9523K, committed 9792K, reserved 1048576K
}
Event: 983.984 GC heap after
{Heap after GC invocations=50 (full 8):
 garbage-first heap   total 89088K, used 28570K [0x0000000086400000, 0x0000000100000000)
  region size 1024K, 4 young (4096K), 4 survivors (4096K)
 Metaspace       used 66087K, committed 67008K, reserved 1114112K
  class space    used 9523K, committed 9792K, reserved 1048576K
}
Event: 984.264 GC heap before
{Heap before GC invocations=50 (full 8):
 garbage-first heap   total 89088K, used 68506K [0x0000000086400000, 0x0000000100000000)
  region size 1024K, 43 young (44032K), 4 survivors (4096K)
 Metaspace       used 66458K, committed 67008K, reserved 1114112K
  class space    used 9551K, committed 9792K, reserved 1048576K
}
Event: 984.267 GC heap after
{Heap after GC invocations=51 (full 8):
 garbage-first heap   total 89088K, used 31006K [0x0000000086400000, 0x0000000100000000)
  region size 1024K, 6 young (6144K), 6 survivors (6144K)
 Metaspace       used 66458K, committed 67008K, reserved 1114112K
  class space    used 9551K, committed 9792K, reserved 1048576K
}
Event: 998.686 GC heap before
{Heap before GC invocations=51 (full 8):
 garbage-first heap   total 89088K, used 64798K [0x0000000086400000, 0x0000000100000000)
  region size 1024K, 40 young (40960K), 6 survivors (6144K)
 Metaspace       used 66515K, committed 67136K, reserved 1114112K
  class space    used 9556K, committed 9856K, reserved 1048576K
}
Event: 998.727 GC heap after
{Heap after GC invocations=52 (full 9):
 garbage-first heap   total 89088K, used 25528K [0x0000000086400000, 0x0000000100000000)
  region size 1024K, 0 young (0K), 0 survivors (0K)
 Metaspace       used 65946K, committed 66944K, reserved 1114112K
  class space    used 9504K, committed 9856K, reserved 1048576K
}
Event: 999.369 GC heap before
{Heap before GC invocations=52 (full 9):
 garbage-first heap   total 89088K, used 68536K [0x0000000086400000, 0x0000000100000000)
  region size 1024K, 42 young (43008K), 0 survivors (0K)
 Metaspace       used 66103K, committed 66944K, reserved 1114112K
  class space    used 9524K, committed 9856K, reserved 1048576K
}
Event: 999.372 GC heap after
{Heap after GC invocations=53 (full 9):
 garbage-first heap   total 89088K, used 28948K [0x0000000086400000, 0x0000000100000000)
  region size 1024K, 4 young (4096K), 4 survivors (4096K)
 Metaspace       used 66103K, committed 66944K, reserved 1114112K
  class space    used 9524K, committed 9856K, reserved 1048576K
}
Event: 999.641 GC heap before
{Heap before GC invocations=53 (full 9):
 garbage-first heap   total 89088K, used 68884K [0x0000000086400000, 0x0000000100000000)
  region size 1024K, 43 young (44032K), 4 survivors (4096K)
 Metaspace       used 66504K, committed 67136K, reserved 1114112K
  class space    used 9558K, committed 9856K, reserved 1048576K
}
Event: 999.644 GC heap after
{Heap after GC invocations=54 (full 9):
 garbage-first heap   total 89088K, used 31070K [0x0000000086400000, 0x0000000100000000)
  region size 1024K, 6 young (6144K), 6 survivors (6144K)
 Metaspace       used 66504K, committed 67136K, reserved 1114112K
  class space    used 9558K, committed 9856K, reserved 1048576K
}

