# JRE version: Java(TM) SE Runtime Environment (17.0.7+8) (build 17.0.7+8-LTS-224)
# Java VM: Java HotSpot(TM) 64-Bit Server VM (17.0.7+8-LTS-224, mixed mode, sharing, tiered, compressed oops, compressed class ptrs, g1 gc, windows-amd64)
GC Precious Log:
 CPUs: 8 total, 8 available
 Memory: 7785M
 Large Page Support: Disabled
 NUMA Support: Disabled
 Compressed Oops: Enabled (32-bit)
 Heap Region Size: 1M
 Heap Min Capacity: 8M
 Heap Initial Capacity: 122M
 Heap Max Capacity: 1948M
 Pre-touch: Disabled
 Parallel Workers: 8
 Concurrent Workers: 2
 Concurrent Refinement Workers: 8
 Periodic GC: Disabled
Heap:
 garbage-first heap   total 171008K, used 86262K [0x0000000086400000, 0x0000000100000000)
  region size 1024K, 38 young (38912K), 1 survivors (1024K)
 Metaspace       used 27933K, committed 28288K, reserved 1081344K
  class space    used 3053K, committed 3264K, reserved 1048576K
GC Heap History (20 events):
Event: 5.637 GC heap before
{Heap before GC invocations=5 (full 0):
 garbage-first heap   total 68608K, used 53526K [0x0000000086400000, 0x0000000100000000)
  region size 1024K, 40 young (40960K), 6 survivors (6144K)
 Metaspace       used 23238K, committed 23488K, reserved 1073152K
  class space    used 2628K, committed 2752K, reserved 1048576K
}
Event: 5.651 GC heap after
{Heap after GC invocations=6 (full 0):
 garbage-first heap   total 71680K, used 29974K [0x0000000086400000, 0x0000000100000000)
  region size 1024K, 5 young (5120K), 5 survivors (5120K)
 Metaspace       used 23238K, committed 23488K, reserved 1073152K
  class space    used 2628K, committed 2752K, reserved 1048576K
}
Event: 5.668 GC heap before
{Heap before GC invocations=6 (full 0):
 garbage-first heap   total 71680K, used 30998K [0x0000000086400000, 0x0000000100000000)
  region size 1024K, 6 young (6144K), 5 survivors (5120K)
 Metaspace       used 23297K, committed 23552K, reserved 1073152K
  class space    used 2631K, committed 2752K, reserved 1048576K
}
Event: 5.676 GC heap after
{Heap after GC invocations=7 (full 0):
 garbage-first heap   total 86016K, used 31232K [0x0000000086400000, 0x0000000100000000)
  region size 1024K, 1 young (1024K), 1 survivors (1024K)
 Metaspace       used 23297K, committed 23552K, reserved 1073152K
  class space    used 2631K, committed 2752K, reserved 1048576K
}
Event: 6.709 GC heap before
{Heap before GC invocations=7 (full 0):
 garbage-first heap   total 86016K, used 59904K [0x0000000086400000, 0x0000000100000000)
  region size 1024K, 29 young (29696K), 1 survivors (1024K)
 Metaspace       used 24717K, committed 25024K, reserved 1073152K
  class space    used 2768K, committed 2880K, reserved 1048576K
}
Event: 6.718 GC heap after
{Heap after GC invocations=8 (full 0):
 garbage-first heap   total 86016K, used 34304K [0x0000000086400000, 0x0000000100000000)
  region size 1024K, 3 young (3072K), 3 survivors (3072K)
 Metaspace       used 24717K, committed 25024K, reserved 1073152K
  class space    used 2768K, committed 2880K, reserved 1048576K
}
Event: 7.520 GC heap before
{Heap before GC invocations=8 (full 0):
 garbage-first heap   total 86016K, used 60928K [0x0000000086400000, 0x0000000100000000)
  region size 1024K, 30 young (30720K), 3 survivors (3072K)
 Metaspace       used 25687K, committed 25920K, reserved 1073152K
  class space    used 2855K, committed 2944K, reserved 1048576K
}
Event: 7.525 GC heap after
{Heap after GC invocations=9 (full 0):
 garbage-first heap   total 86016K, used 34916K [0x0000000086400000, 0x0000000100000000)
  region size 1024K, 1 young (1024K), 1 survivors (1024K)
 Metaspace       used 25687K, committed 25920K, reserved 1073152K
  class space    used 2855K, committed 2944K, reserved 1048576K
}
Event: 7.975 GC heap before
{Heap before GC invocations=9 (full 0):
 garbage-first heap   total 86016K, used 63588K [0x0000000086400000, 0x0000000100000000)
  region size 1024K, 29 young (29696K), 1 survivors (1024K)
 Metaspace       used 26513K, committed 26816K, reserved 1073152K
  class space    used 2915K, committed 3008K, reserved 1048576K
}
Event: 7.982 GC heap after
{Heap after GC invocations=10 (full 0):
 garbage-first heap   total 86016K, used 35392K [0x0000000086400000, 0x0000000100000000)
  region size 1024K, 1 young (1024K), 1 survivors (1024K)
 Metaspace       used 26513K, committed 26816K, reserved 1073152K
  class space    used 2915K, committed 3008K, reserved 1048576K
}
Event: 9.665 GC heap before
{Heap before GC invocations=10 (full 0):
 garbage-first heap   total 86016K, used 68160K [0x0000000086400000, 0x0000000100000000)
  region size 1024K, 31 young (31744K), 1 survivors (1024K)
 Metaspace       used 27655K, committed 27968K, reserved 1081344K
  class space    used 3040K, committed 3136K, reserved 1048576K
}
Event: 9.678 GC heap after
{Heap after GC invocations=11 (full 0):
 garbage-first heap   total 86016K, used 44364K [0x0000000086400000, 0x0000000100000000)
  region size 1024K, 4 young (4096K), 4 survivors (4096K)
 Metaspace       used 27655K, committed 27968K, reserved 1081344K
  class space    used 3040K, committed 3136K, reserved 1048576K
}
Event: 10.045 GC heap before
{Heap before GC invocations=11 (full 0):
 garbage-first heap   total 86016K, used 63820K [0x0000000086400000, 0x0000000100000000)
  region size 1024K, 23 young (23552K), 4 survivors (4096K)
 Metaspace       used 27677K, committed 27968K, reserved 1081344K
  class space    used 3040K, committed 3136K, reserved 1048576K
}
Event: 10.053 GC heap after
{Heap after GC invocations=12 (full 0):
 garbage-first heap   total 86016K, used 51470K [0x0000000086400000, 0x0000000100000000)
  region size 1024K, 3 young (3072K), 3 survivors (3072K)
 Metaspace       used 27677K, committed 27968K, reserved 1081344K
  class space    used 3040K, committed 3136K, reserved 1048576K
}
Event: 10.440 GC heap before
{Heap before GC invocations=13 (full 0):
 garbage-first heap   total 89088K, used 63758K [0x0000000086400000, 0x0000000100000000)
  region size 1024K, 15 young (15360K), 3 survivors (3072K)
 Metaspace       used 27884K, committed 28224K, reserved 1081344K
  class space    used 3059K, committed 3200K, reserved 1048576K
}
Event: 10.445 GC heap after
{Heap after GC invocations=14 (full 0):
 garbage-first heap   total 89088K, used 54272K [0x0000000086400000, 0x0000000100000000)
  region size 1024K, 2 young (2048K), 2 survivors (2048K)
 Metaspace       used 27884K, committed 28224K, reserved 1081344K
  class space    used 3059K, committed 3200K, reserved 1048576K
}
Event: 10.595 GC heap before
{Heap before GC invocations=14 (full 0):
 garbage-first heap   total 89088K, used 55296K [0x0000000086400000, 0x0000000100000000)
  region size 1024K, 4 young (4096K), 2 survivors (2048K)
 Metaspace       used 28022K, committed 28352K, reserved 1081344K
  class space    used 3064K, committed 3200K, reserved 1048576K
}
Event: 10.600 GC heap after
{Heap after GC invocations=15 (full 0):
 garbage-first heap   total 89088K, used 49522K [0x0000000086400000, 0x0000000100000000)
  region size 1024K, 1 young (1024K), 1 survivors (1024K)
 Metaspace       used 28022K, committed 28352K, reserved 1081344K
  class space    used 3064K, committed 3200K, reserved 1048576K
}
Event: 11.108 GC heap before
{Heap before GC invocations=15 (full 0):
 garbage-first heap   total 89088K, used 64882K [0x0000000086400000, 0x0000000100000000)
  region size 1024K, 17 young (17408K), 1 survivors (1024K)
 Metaspace       used 28787K, committed 29120K, reserved 1081344K
  class space    used 3172K, committed 3328K, reserved 1048576K
}
Event: 11.110 GC heap after
{Heap after GC invocations=16 (full 0):
 garbage-first heap   total 178176K, used 49398K [0x0000000086400000, 0x0000000100000000)
  region size 1024K, 1 young (1024K), 1 survivors (1024K)
 Metaspace       used 28787K, committed 29120K, reserved 1081344K
  class space    used 3172K, committed 3328K, reserved 1048576K
}

